0 info it worked if it ends with ok
1 verbose cli [ '/home/codio/.nvm/v0.10.33/bin/node',
1 verbose cli   '/home/codio/.nvm/v0.10.33/bin/npm',
1 verbose cli   'install',
1 verbose cli   '--prefix',
1 verbose cli   '/home/codio',
1 verbose cli   'mongodb' ]
2 info using npm@1.4.28
3 info using node@v0.10.33
4 verbose config Skipping project config: /home/codio/.npmrc. (matches userconfig)
5 verbose cache add [ 'mongodb', null ]
6 verbose cache add name=undefined spec="mongodb" args=["mongodb",null]
7 verbose parsed url { protocol: null,
7 verbose parsed url   slashes: null,
7 verbose parsed url   auth: null,
7 verbose parsed url   host: null,
7 verbose parsed url   port: null,
7 verbose parsed url   hostname: null,
7 verbose parsed url   hash: null,
7 verbose parsed url   search: null,
7 verbose parsed url   query: null,
7 verbose parsed url   pathname: 'mongodb',
7 verbose parsed url   path: 'mongodb',
7 verbose parsed url   href: 'mongodb' }
8 silly lockFile 7f1c982e-mongodb mongodb
9 verbose lock mongodb /home/codio/.npm/7f1c982e-mongodb.lock
10 silly lockFile 7f1c982e-mongodb mongodb
11 silly lockFile 7f1c982e-mongodb mongodb
12 verbose addNamed [ 'mongodb', '' ]
13 verbose addNamed [ null, '*' ]
14 silly lockFile 886df635-mongodb mongodb@
15 verbose lock mongodb@ /home/codio/.npm/886df635-mongodb.lock
16 silly addNameRange { name: 'mongodb', range: '*', hasData: false }
17 verbose request where is /mongodb
18 verbose request registry https://registry.npmjs.org/
19 verbose request id e33cf64046eca25d
20 verbose url raw /mongodb
21 verbose url resolving [ 'https://registry.npmjs.org/', './mongodb' ]
22 verbose url resolved https://registry.npmjs.org/mongodb
23 verbose request where is https://registry.npmjs.org/mongodb
24 info trying registry request attempt 1 at 20:02:43
25 http GET https://registry.npmjs.org/mongodb
26 http 200 https://registry.npmjs.org/mongodb
27 silly registry.get cb [ 200,
27 silly registry.get   { date: 'Mon, 08 Dec 2014 20:02:43 GMT',
27 silly registry.get     server: 'CouchDB/1.5.0 (Erlang OTP/R16B03)',
27 silly registry.get     etag: '"EPZ153NSMDDRBWISEPKPWNPIL"',
27 silly registry.get     'content-type': 'application/json',
27 silly registry.get     'cache-control': 'max-age=60',
27 silly registry.get     'content-length': '392597',
27 silly registry.get     'accept-ranges': 'bytes',
27 silly registry.get     via: '1.1 varnish',
27 silly registry.get     age: '0',
27 silly registry.get     'x-served-by': 'cache-jfk1027-JFK',
27 silly registry.get     'x-cache': 'HIT',
27 silly registry.get     'x-cache-hits': '1',
27 silly registry.get     'x-timer': 'S1418068963.505140,VS0,VE16',
27 silly registry.get     vary: 'Accept',
27 silly registry.get     'keep-alive': 'timeout=10, max=50',
27 silly registry.get     connection: 'Keep-Alive' } ]
28 silly addNameRange number 2 { name: 'mongodb', range: '*', hasData: true }
29 silly addNameRange versions [ 'mongodb',
29 silly addNameRange   [ '0.9.4',
29 silly addNameRange     '0.9.4-4',
29 silly addNameRange     '0.9.3',
29 silly addNameRange     '0.9.1',
29 silly addNameRange     '0.9.2',
29 silly addNameRange     '0.9.6-7',
29 silly addNameRange     '0.9.6-8',
29 silly addNameRange     '0.9.6-9',
29 silly addNameRange     '0.9.6-10',
29 silly addNameRange     '0.9.6-11',
29 silly addNameRange     '0.9.6-12',
29 silly addNameRange     '0.9.6-13',
29 silly addNameRange     '0.9.6-14',
29 silly addNameRange     '0.9.6-15',
29 silly addNameRange     '0.9.6-16',
29 silly addNameRange     '0.9.6-17',
29 silly addNameRange     '0.9.6-18',
29 silly addNameRange     '0.9.6-19',
29 silly addNameRange     '0.9.6-20',
29 silly addNameRange     '0.9.6-21',
29 silly addNameRange     '0.9.6-22',
29 silly addNameRange     '0.9.6-23',
29 silly addNameRange     '0.9.7',
29 silly addNameRange     '0.9.7-0',
29 silly addNameRange     '0.9.7-1',
29 silly addNameRange     '0.9.7-1.1',
29 silly addNameRange     '0.9.7-1.2',
29 silly addNameRange     '0.9.7-1.3',
29 silly addNameRange     '0.9.7-1.4',
29 silly addNameRange     '0.9.7-2',
29 silly addNameRange     '0.9.7-2-1',
29 silly addNameRange     '0.9.7-2-2',
29 silly addNameRange     '0.9.7-2-3',
29 silly addNameRange     '0.9.7-2-4',
29 silly addNameRange     '0.9.7-2-5',
29 silly addNameRange     '0.9.7-3',
29 silly addNameRange     '0.9.7-3-1',
29 silly addNameRange     '0.9.7-3-2',
29 silly addNameRange     '0.9.7-3-3',
29 silly addNameRange     '0.9.7-3-4',
29 silly addNameRange     '0.9.7-3-5',
29 silly addNameRange     '0.9.8',
29 silly addNameRange     '0.9.8-1',
29 silly addNameRange     '0.9.8-2',
29 silly addNameRange     '0.9.8-3',
29 silly addNameRange     '0.9.8-4',
29 silly addNameRange     '0.9.8-5',
29 silly addNameRange     '0.9.8-6',
29 silly addNameRange     '0.9.8-7',
29 silly addNameRange     '0.9.9',
29 silly addNameRange     '0.9.9-1',
29 silly addNameRange     '0.9.9-2',
29 silly addNameRange     '0.9.9-3',
29 silly addNameRange     '0.9.9-4',
29 silly addNameRange     '0.9.9-5',
29 silly addNameRange     '0.9.9-6',
29 silly addNameRange     '0.9.9-7',
29 silly addNameRange     '0.9.9-8',
29 silly addNameRange     '1.0.0',
29 silly addNameRange     '1.0.1',
29 silly addNameRange     '1.0.2',
29 silly addNameRange     '1.1.0-beta',
29 silly addNameRange     '1.1.0',
29 silly addNameRange     '1.1.1',
29 silly addNameRange     '1.1.2',
29 silly addNameRange     '1.1.3',
29 silly addNameRange     '1.1.4',
29 silly addNameRange     '1.1.5',
29 silly addNameRange     '1.1.6',
29 silly addNameRange     '1.1.7',
29 silly addNameRange     '1.1.8',
29 silly addNameRange     '1.1.9',
29 silly addNameRange     '1.1.10',
29 silly addNameRange     '1.1.11',
29 silly addNameRange     '1.2.0',
29 silly addNameRange     '1.2.1',
29 silly addNameRange     '1.2.2',
29 silly addNameRange     '1.2.3',
29 silly addNameRange     '1.2.4',
29 silly addNameRange     '1.2.5',
29 silly addNameRange     '1.2.6',
29 silly addNameRange     '1.2.7',
29 silly addNameRange     '1.2.8',
29 silly addNameRange     '1.2.9',
29 silly addNameRange     '1.2.10',
29 silly addNameRange     '1.2.11',
29 silly addNameRange     '1.2.12',
29 silly addNameRange     '1.2.13',
29 silly addNameRange     '1.2.14',
29 silly addNameRange     '1.3.0',
29 silly addNameRange     '1.3.1',
29 silly addNameRange     '1.3.2',
29 silly addNameRange     '1.3.3',
29 silly addNameRange     '1.3.4',
29 silly addNameRange     '1.3.5',
29 silly addNameRange     '1.3.6',
29 silly addNameRange     '1.3.7',
29 silly addNameRange     '1.3.8',
29 silly addNameRange     '1.3.9',
29 silly addNameRange     '1.3.10',
29 silly addNameRange     '1.3.11',
29 silly addNameRange     '1.3.12',
29 silly addNameRange     '1.3.14',
29 silly addNameRange     '1.3.15',
29 silly addNameRange     '1.3.17',
29 silly addNameRange     '1.3.18',
29 silly addNameRange     '1.3.19',
29 silly addNameRange     '1.4.0-rc2',
29 silly addNameRange     '1.3.20',
29 silly addNameRange     '1.4.0-rc3',
29 silly addNameRange     '1.3.21',
29 silly addNameRange     '1.3.22',
29 silly addNameRange     '1.3.23',
29 silly addNameRange     '1.4.0-rc4',
29 silly addNameRange     '1.4.0-rc5',
29 silly addNameRange     '1.4.0-rc6',
29 silly addNameRange     '1.4.0-rc7',
29 silly addNameRange     '1.4.0-rc8',
29 silly addNameRange     '1.4.0-rc9',
29 silly addNameRange     '1.4.0-rc10',
29 silly addNameRange     '1.4.0',
29 silly addNameRange     '1.4.1',
29 silly addNameRange     '1.4.2',
29 silly addNameRange     '1.4.3',
29 silly addNameRange     '1.4.4',
29 silly addNameRange     '1.4.5',
29 silly addNameRange     '1.4.6',
29 silly addNameRange     '1.4.7',
29 silly addNameRange     '1.4.8',
29 silly addNameRange     '1.4.9',
29 silly addNameRange     '1.4.10',
29 silly addNameRange     '2.0.0-alpha1',
29 silly addNameRange     '1.4.11',
29 silly addNameRange     '1.4.12',
29 silly addNameRange     '1.4.14',
29 silly addNameRange     '1.4.15',
29 silly addNameRange     '1.4.16',
29 silly addNameRange     '1.4.17',
29 silly addNameRange     '2.0.0-alpha2',
29 silly addNameRange     '1.4.18',
29 silly addNameRange     '2.0.0',
29 silly addNameRange     '2.0.1',
29 silly addNameRange     '2.0.2',
29 silly addNameRange     '1.4.19',
29 silly addNameRange     '2.0.3',
29 silly addNameRange     '2.0.4',
29 silly addNameRange     '2.0.5',
29 silly addNameRange     '2.0.6',
29 silly addNameRange     '1.4.20',
29 silly addNameRange     '1.4.22',
29 silly addNameRange     '2.0.7',
29 silly addNameRange     '2.0.8',
29 silly addNameRange     '2.0.9',
29 silly addNameRange     '1.4.23' ] ]
30 verbose addNamed [ 'mongodb', '1.4.23' ]
31 verbose addNamed [ '1.4.23', '1.4.23' ]
32 silly lockFile 8e5ad38f-mongodb-1-4-23 mongodb@1.4.23
33 verbose lock mongodb@1.4.23 /home/codio/.npm/8e5ad38f-mongodb-1-4-23.lock
34 silly lockFile 77bef0fb-s-org-mongodb-mongodb-1-4-23-tgz https://registry.npmjs.org/mongodb/-/mongodb-1.4.23.tgz
35 verbose lock https://registry.npmjs.org/mongodb/-/mongodb-1.4.23.tgz /home/codio/.npm/77bef0fb-s-org-mongodb-mongodb-1-4-23-tgz.lock
36 verbose addRemoteTarball [ 'https://registry.npmjs.org/mongodb/-/mongodb-1.4.23.tgz',
36 verbose addRemoteTarball   'da19ffb2b16a7182b92460a9ff4207b3bb2fb9b6' ]
37 info retry fetch attempt 1 at 20:02:43
38 verbose fetch to= /tmp/npm-1055-gcpGcYgp/registry.npmjs.org/mongodb/-/mongodb-1.4.23.tgz
39 http GET https://registry.npmjs.org/mongodb/-/mongodb-1.4.23.tgz
40 http 200 https://registry.npmjs.org/mongodb/-/mongodb-1.4.23.tgz
41 silly lockFile 77bef0fb-s-org-mongodb-mongodb-1-4-23-tgz https://registry.npmjs.org/mongodb/-/mongodb-1.4.23.tgz
42 silly lockFile 77bef0fb-s-org-mongodb-mongodb-1-4-23-tgz https://registry.npmjs.org/mongodb/-/mongodb-1.4.23.tgz
43 silly lockFile 8e5ad38f-mongodb-1-4-23 mongodb@1.4.23
44 silly lockFile 8e5ad38f-mongodb-1-4-23 mongodb@1.4.23
45 silly lockFile 886df635-mongodb mongodb@
46 silly lockFile 886df635-mongodb mongodb@
47 silly resolved [ { name: 'mongodb',
47 silly resolved     description: 'A node.js driver for MongoDB',
47 silly resolved     keywords: [ 'mongodb', 'mongo', 'driver', 'db' ],
47 silly resolved     version: '1.4.23',
47 silly resolved     author: { name: 'Christian Amor Kvalheim', email: 'christkv@gmail.com' },
47 silly resolved     contributors:
47 silly resolved      [ [Object],
47 silly resolved        [Object],
47 silly resolved        [Object],
47 silly resolved        [Object],
47 silly resolved        [Object],
47 silly resolved        [Object],
47 silly resolved        [Object],
47 silly resolved        [Object],
47 silly resolved        [Object],
47 silly resolved        [Object],
47 silly resolved        [Object],
47 silly resolved        [Object],
47 silly resolved        [Object],
47 silly resolved        [Object],
47 silly resolved        [Object],
47 silly resolved        [Object],
47 silly resolved        [Object],
47 silly resolved        [Object],
47 silly resolved        [Object],
47 silly resolved        [Object],
47 silly resolved        [Object],
47 silly resolved        [Object],
47 silly resolved        [Object],
47 silly resolved        [Object],
47 silly resolved        [Object],
47 silly resolved        [Object],
47 silly resolved        [Object],
47 silly resolved        [Object],
47 silly resolved        [Object],
47 silly resolved        [Object],
47 silly resolved        [Object],
47 silly resolved        [Object],
47 silly resolved        [Object],
47 silly resolved        [Object],
47 silly resolved        [Object],
47 silly resolved        [Object],
47 silly resolved        [Object],
47 silly resolved        [Object],
47 silly resolved        [Object],
47 silly resolved        [Object],
47 silly resolved        [Object],
47 silly resolved        [Object],
47 silly resolved        [Object],
47 silly resolved        [Object],
47 silly resolved        [Object],
47 silly resolved        [Object],
47 silly resolved        [Object],
47 silly resolved        [Object],
47 silly resolved        [Object],
47 silly resolved        [Object],
47 silly resolved        [Object],
47 silly resolved        [Object],
47 silly resolved        [Object],
47 silly resolved        [Object] ],
47 silly resolved     repository:
47 silly resolved      { type: 'git',
47 silly resolved        url: 'http://github.com/mongodb/node-mongodb-native.git' },
47 silly resolved     bugs: { url: 'http://github.com/mongodb/node-mongodb-native/issues' },
47 silly resolved     dependencies: { bson: '~0.2', kerberos: '0.0.6', 'readable-stream': 'latest' },
47 silly resolved     devDependencies:
47 silly resolved      { dox: '0.4.4',
47 silly resolved        'uglify-js': '1.2.5',
47 silly resolved        ejs: '0.6.1',
47 silly resolved        request: '2.12.0',
47 silly resolved        nodeunit: '0.7.3',
47 silly resolved        markdown: '0.3.1',
47 silly resolved        gleak: '0.5.0',
47 silly resolved        step: '0.0.5',
47 silly resolved        async: '0.1.22',
47 silly resolved        integra: '0.1.8',
47 silly resolved        optimist: 'latest',
47 silly resolved        rimraf: '2.2.6',
47 silly resolved        semver: '4.1.0',
47 silly resolved        'mongodb-core': '1.1.3' },
47 silly resolved     optionalDependencies: { kerberos: '0.0.6', 'readable-stream': 'latest' },
47 silly resolved     config: { native: false },
47 silly resolved     main: './lib/mongodb/index',
47 silly resolved     homepage: 'http://mongodb.github.com/node-mongodb-native/',
47 silly resolved     directories: { lib: './lib/mongodb' },
47 silly resolved     engines: { node: '>=0.6.19' },
47 silly resolved     scripts: { test: 'node test/runner.js -t functional' },
47 silly resolved     licenses: [ [Object] ],
47 silly resolved     gitHead: '5fb481a1e1d127c48550de6f7ddf3acf52cc2fab',
47 silly resolved     _id: 'mongodb@1.4.23',
47 silly resolved     _shasum: 'da19ffb2b16a7182b92460a9ff4207b3bb2fb9b6',
47 silly resolved     _from: 'mongodb@',
47 silly resolved     _npmVersion: '2.0.0',
47 silly resolved     _npmUser: { name: 'christkv', email: 'christkv@gmail.com' },
47 silly resolved     maintainers: [ [Object] ],
47 silly resolved     dist:
47 silly resolved      { shasum: 'da19ffb2b16a7182b92460a9ff4207b3bb2fb9b6',
47 silly resolved        tarball: 'http://registry.npmjs.org/mongodb/-/mongodb-1.4.23.tgz' },
47 silly resolved     _resolved: 'https://registry.npmjs.org/mongodb/-/mongodb-1.4.23.tgz' } ]
48 info install mongodb@1.4.23 into /home/codio
49 info installOne mongodb@1.4.23
50 verbose node_modules/mongodb unbuild
51 verbose tar unpack /home/codio/.npm/mongodb/1.4.23/package.tgz
52 silly lockFile 1e37e569--home-codio-node-modules-mongodb tar:///home/codio/node_modules/mongodb
53 verbose lock tar:///home/codio/node_modules/mongodb /home/codio/.npm/1e37e569--home-codio-node-modules-mongodb.lock
54 silly lockFile efb2e884-o-npm-mongodb-1-4-23-package-tgz tar:///home/codio/.npm/mongodb/1.4.23/package.tgz
55 verbose lock tar:///home/codio/.npm/mongodb/1.4.23/package.tgz /home/codio/.npm/efb2e884-o-npm-mongodb-1-4-23-package-tgz.lock
56 silly gunzTarPerm modes [ '775', '664' ]
57 silly gunzTarPerm extractEntry package.json
58 silly gunzTarPerm modified mode [ 'package.json', 493, 509 ]
59 silly gunzTarPerm extractEntry LICENSE
60 silly gunzTarPerm modified mode [ 'LICENSE', 420, 436 ]
61 silly gunzTarPerm extractEntry index.js
62 silly gunzTarPerm modified mode [ 'index.js', 493, 509 ]
63 silly gunzTarPerm extractEntry CONTRIBUTING.md
64 silly gunzTarPerm modified mode [ 'CONTRIBUTING.md', 420, 436 ]
65 silly gunzTarPerm extractEntry .gitmodules
66 silly gunzTarPerm modified mode [ '.gitmodules', 420, 436 ]
67 silly gunzTarPerm extractEntry Makefile
68 silly gunzTarPerm modified mode [ 'Makefile', 420, 436 ]
69 silly gunzTarPerm extractEntry Readme.md
70 silly gunzTarPerm modified mode [ 'Readme.md', 420, 436 ]
71 silly gunzTarPerm extractEntry lib/mongodb/admin.js
72 silly gunzTarPerm modified mode [ 'lib/mongodb/admin.js', 420, 436 ]
73 silly gunzTarPerm extractEntry lib/mongodb/scope.js
74 silly gunzTarPerm modified mode [ 'lib/mongodb/scope.js', 420, 436 ]
75 silly gunzTarPerm extractEntry lib/mongodb/mongo_client.js
76 silly gunzTarPerm modified mode [ 'lib/mongodb/mongo_client.js', 420, 436 ]
77 silly gunzTarPerm extractEntry lib/mongodb/collection.js
78 silly gunzTarPerm modified mode [ 'lib/mongodb/collection.js', 420, 436 ]
79 silly gunzTarPerm extractEntry lib/mongodb/command_cursor.js
80 silly gunzTarPerm modified mode [ 'lib/mongodb/command_cursor.js', 420, 436 ]
81 silly gunzTarPerm extractEntry lib/mongodb/index.js
82 silly gunzTarPerm modified mode [ 'lib/mongodb/index.js', 420, 436 ]
83 silly gunzTarPerm extractEntry lib/mongodb/db.js
84 silly gunzTarPerm modified mode [ 'lib/mongodb/db.js', 420, 436 ]
85 silly gunzTarPerm extractEntry lib/mongodb/aggregation_cursor.js
86 silly gunzTarPerm modified mode [ 'lib/mongodb/aggregation_cursor.js', 420, 436 ]
87 silly gunzTarPerm extractEntry lib/mongodb/cursorstream.js
88 silly gunzTarPerm modified mode [ 'lib/mongodb/cursorstream.js', 420, 436 ]
89 silly gunzTarPerm extractEntry lib/mongodb/utils.js
90 silly gunzTarPerm modified mode [ 'lib/mongodb/utils.js', 420, 436 ]
91 silly gunzTarPerm extractEntry lib/mongodb/cursor.js
92 silly gunzTarPerm modified mode [ 'lib/mongodb/cursor.js', 420, 436 ]
93 silly gunzTarPerm extractEntry lib/mongodb/connection/base.js
94 silly gunzTarPerm modified mode [ 'lib/mongodb/connection/base.js', 420, 436 ]
95 silly gunzTarPerm extractEntry lib/mongodb/connection/connection.js
96 silly gunzTarPerm modified mode [ 'lib/mongodb/connection/connection.js', 420, 436 ]
97 silly gunzTarPerm extractEntry lib/mongodb/connection/connection_pool.js
98 silly gunzTarPerm modified mode [ 'lib/mongodb/connection/connection_pool.js', 420, 436 ]
99 silly gunzTarPerm extractEntry lib/mongodb/connection/connection_utils.js
100 silly gunzTarPerm modified mode [ 'lib/mongodb/connection/connection_utils.js', 420, 436 ]
101 silly gunzTarPerm extractEntry lib/mongodb/connection/mongos.js
102 silly gunzTarPerm modified mode [ 'lib/mongodb/connection/mongos.js', 420, 436 ]
103 silly gunzTarPerm extractEntry lib/mongodb/connection/read_preference.js
104 silly gunzTarPerm modified mode [ 'lib/mongodb/connection/read_preference.js', 420, 436 ]
105 silly gunzTarPerm extractEntry lib/mongodb/connection/server.js
106 silly gunzTarPerm modified mode [ 'lib/mongodb/connection/server.js', 420, 436 ]
107 silly gunzTarPerm extractEntry lib/mongodb/connection/server_capabilities.js
108 silly gunzTarPerm modified mode [ 'lib/mongodb/connection/server_capabilities.js', 420, 436 ]
109 silly gunzTarPerm extractEntry lib/mongodb/connection/url_parser.js
110 silly gunzTarPerm modified mode [ 'lib/mongodb/connection/url_parser.js', 420, 436 ]
111 silly gunzTarPerm extractEntry lib/mongodb/connection/repl_set/ha.js
112 silly gunzTarPerm modified mode [ 'lib/mongodb/connection/repl_set/ha.js', 420, 436 ]
113 silly gunzTarPerm extractEntry lib/mongodb/connection/repl_set/options.js
114 silly gunzTarPerm modified mode [ 'lib/mongodb/connection/repl_set/options.js', 420, 436 ]
115 silly gunzTarPerm extractEntry lib/mongodb/connection/repl_set/repl_set.js
116 silly gunzTarPerm modified mode [ 'lib/mongodb/connection/repl_set/repl_set.js', 420, 436 ]
117 silly gunzTarPerm extractEntry lib/mongodb/connection/repl_set/repl_set_state.js
118 silly gunzTarPerm modified mode [ 'lib/mongodb/connection/repl_set/repl_set_state.js', 420, 436 ]
119 silly gunzTarPerm extractEntry lib/mongodb/connection/repl_set/strategies/ping_strategy.js
120 silly gunzTarPerm modified mode [ 'lib/mongodb/connection/repl_set/strategies/ping_strategy.js',
120 silly gunzTarPerm   420,
120 silly gunzTarPerm   436 ]
121 silly gunzTarPerm extractEntry lib/mongodb/connection/repl_set/strategies/statistics_strategy.js
122 silly gunzTarPerm modified mode [ 'lib/mongodb/connection/repl_set/strategies/statistics_strategy.js',
122 silly gunzTarPerm   420,
122 silly gunzTarPerm   436 ]
123 silly gunzTarPerm extractEntry lib/mongodb/gridfs/chunk.js
124 silly gunzTarPerm modified mode [ 'lib/mongodb/gridfs/chunk.js', 420, 436 ]
125 silly gunzTarPerm extractEntry lib/mongodb/gridfs/grid.js
126 silly gunzTarPerm modified mode [ 'lib/mongodb/gridfs/grid.js', 420, 436 ]
127 silly gunzTarPerm extractEntry lib/mongodb/gridfs/gridstore.js
128 silly gunzTarPerm modified mode [ 'lib/mongodb/gridfs/gridstore.js', 420, 436 ]
129 silly gunzTarPerm extractEntry lib/mongodb/gridfs/readstream.js
130 silly gunzTarPerm modified mode [ 'lib/mongodb/gridfs/readstream.js', 420, 436 ]
131 silly gunzTarPerm extractEntry lib/mongodb/commands/base_command.js
132 silly gunzTarPerm modified mode [ 'lib/mongodb/commands/base_command.js', 420, 436 ]
133 silly gunzTarPerm extractEntry lib/mongodb/commands/db_command.js
134 silly gunzTarPerm modified mode [ 'lib/mongodb/commands/db_command.js', 420, 436 ]
135 silly gunzTarPerm extractEntry lib/mongodb/commands/delete_command.js
136 silly gunzTarPerm modified mode [ 'lib/mongodb/commands/delete_command.js', 420, 436 ]
137 silly gunzTarPerm extractEntry lib/mongodb/commands/get_more_command.js
138 silly gunzTarPerm modified mode [ 'lib/mongodb/commands/get_more_command.js', 420, 436 ]
139 silly gunzTarPerm extractEntry lib/mongodb/commands/insert_command.js
140 silly gunzTarPerm modified mode [ 'lib/mongodb/commands/insert_command.js', 420, 436 ]
141 silly gunzTarPerm extractEntry lib/mongodb/commands/kill_cursor_command.js
142 silly gunzTarPerm modified mode [ 'lib/mongodb/commands/kill_cursor_command.js', 420, 436 ]
143 silly gunzTarPerm extractEntry lib/mongodb/commands/query_command.js
144 silly gunzTarPerm modified mode [ 'lib/mongodb/commands/query_command.js', 420, 436 ]
145 silly gunzTarPerm extractEntry lib/mongodb/commands/update_command.js
146 silly gunzTarPerm modified mode [ 'lib/mongodb/commands/update_command.js', 420, 436 ]
147 error Error: ENOENT, lstat '/home/codio/node_modules/mongodb/lib/mongodb/utils.js'
148 error If you need help, you may report this *entire* log,
148 error including the npm and node versions, at:
148 error     <http://github.com/npm/npm/issues>
149 error System Linux 3.16.0-23-generic
150 error command "/home/codio/.nvm/v0.10.33/bin/node" "/home/codio/.nvm/v0.10.33/bin/npm" "install" "--prefix" "/home/codio" "mongodb"
151 error cwd /home/codio/workspace
152 error node -v v0.10.33
153 error npm -v 1.4.28
154 error path /home/codio/node_modules/mongodb/lib/mongodb/utils.js
155 error fstream_path /home/codio/node_modules/mongodb/lib/mongodb/utils.js
156 error fstream_type File
157 error fstream_class FileWriter
158 error code ENOENT
159 error errno 34
160 error fstream_stack /home/codio/.nvm/v0.10.33/lib/node_modules/npm/node_modules/fstream/lib/writer.js:287:26
160 error fstream_stack Object.oncomplete (evalmachine.<anonymous>:107:15)
161 verbose exit [ 34, true ]
